{"C:\\Users\\Darja\\Desktop\\apps\\tv-bland\\src\\components\\Pagination\\Pagination.tsx": {"path":"C:\\Users\\Darja\\Desktop\\apps\\tv-bland\\src\\components\\Pagination\\Pagination.tsx","statementMap":{"0":{"start":{"line":13,"column":0},"end":{"line":13,"column":16}},"1":{"start":{"line":1,"column":0},"end":{"line":1,"column":45}},"2":{"start":{"line":17,"column":2},"end":{"line":28,"column":4}},"3":{"start":{"line":20,"column":23},"end":{"line":20,"column":65}},"4":{"start":{"line":26,"column":29},"end":{"line":26,"column":58}}},"fnMap":{"0":{"name":"Pagination","decl":{"start":{"line":13,"column":16},"end":{"line":13,"column":26}},"loc":{"start":{"line":16,"column":18},"end":{"line":29,"column":1}}},"1":{"name":"(anonymous_2)","decl":{"start":{"line":20,"column":17},"end":{"line":20,"column":20}},"loc":{"start":{"line":20,"column":23},"end":{"line":20,"column":65}}},"2":{"name":"(anonymous_3)","decl":{"start":{"line":26,"column":23},"end":{"line":26,"column":26}},"loc":{"start":{"line":26,"column":29},"end":{"line":26,"column":58}}}},"branchMap":{},"s":{"0":1,"1":1,"2":4,"3":1,"4":1},"f":{"0":4,"1":1,"2":1},"b":{}}
}
