{"C:\\Users\\Darja\\Desktop\\apps\\tv-bland\\src\\components\\Header\\Header.tsx": {"path":"C:\\Users\\Darja\\Desktop\\apps\\tv-bland\\src\\components\\Header\\Header.tsx","statementMap":{"0":{"start":{"line":10,"column":0},"end":{"line":10,"column":16}},"1":{"start":{"line":1,"column":0},"end":{"line":1,"column":54}},"2":{"start":{"line":3,"column":0},"end":{"line":3,"column":41}},"3":{"start":{"line":11,"column":2},"end":{"line":17,"column":4}}},"fnMap":{"0":{"name":"Header","decl":{"start":{"line":10,"column":16},"end":{"line":10,"column":22}},"loc":{"start":{"line":10,"column":22},"end":{"line":18,"column":1}}}},"branchMap":{},"s":{"0":1,"1":1,"2":1,"3":1},"f":{"0":1},"b":{}}
,"C:\\Users\\Darja\\Desktop\\apps\\tv-bland\\src\\components\\Pagination\\Pagination.tsx": {"path":"C:\\Users\\Darja\\Desktop\\apps\\tv-bland\\src\\components\\Pagination\\Pagination.tsx","statementMap":{"0":{"start":{"line":13,"column":0},"end":{"line":13,"column":16}},"1":{"start":{"line":1,"column":0},"end":{"line":1,"column":45}},"2":{"start":{"line":17,"column":2},"end":{"line":28,"column":4}},"3":{"start":{"line":20,"column":23},"end":{"line":20,"column":65}},"4":{"start":{"line":26,"column":29},"end":{"line":26,"column":58}}},"fnMap":{"0":{"name":"Pagination","decl":{"start":{"line":13,"column":16},"end":{"line":13,"column":26}},"loc":{"start":{"line":16,"column":18},"end":{"line":29,"column":1}}},"1":{"name":"(anonymous_2)","decl":{"start":{"line":20,"column":17},"end":{"line":20,"column":20}},"loc":{"start":{"line":20,"column":23},"end":{"line":20,"column":65}}},"2":{"name":"(anonymous_3)","decl":{"start":{"line":26,"column":23},"end":{"line":26,"column":26}},"loc":{"start":{"line":26,"column":29},"end":{"line":26,"column":58}}}},"branchMap":{},"s":{"0":1,"1":1,"2":4,"3":1,"4":1},"f":{"0":4,"1":1,"2":1},"b":{}}
,"C:\\Users\\Darja\\Desktop\\apps\\tv-bland\\src\\constants\\textConstants.ts": {"path":"C:\\Users\\Darja\\Desktop\\apps\\tv-bland\\src\\constants\\textConstants.ts","statementMap":{"0":{"start":{"line":1,"column":13},"end":{"line":11,"column":2}}},"fnMap":{},"branchMap":{},"s":{"0":1},"f":{},"b":{}}
}
